[     732ms] [ERROR] ./api-ussage-tracker/src/components/admin/AdminKeysTab.tsx:13:1
Export DialogFooter doesn't exist in target module
  11 | import { Label } from "@/components/ui/label";
  12 | import { Select, SelectContent, SelectItem, SelectTrigger, SelectValue } from "@/components/ui/select";
> 13 | import { Dialog, DialogContent, DialogHeader, DialogTitle, DialogFooter } from "@/components/ui/dialog";
     | ^^^^^^^^^^^^^^^^^^^^^^^^^^^^^^^^^^^^^^^^^^^^^^^^^^^^^^^^^^^^^^^^^^^^^^^^^^^^^^^^^^^^^^^^^^^^^^^^^^^^^^^^
  14 | import { AlertDialog, AlertDialogAction, AlertDialogCancel, AlertDialogContent, AlertDialogDescription, AlertDialogFooter, AlertDialogHeader, AlertDialogTitle } from "@/components/ui/alert-dialog";
  15 | import { DropdownMenu, DropdownMenuContent, DropdownMenuItem, DropdownMenuTrigger } from "@/components/ui/dropdown-menu";
  16 | import { Plus, MoreHorizontal, Trash2, Search, Loader2 } from "lucide-react";

The export DialogFooter was not found in module [project]/api-ussage-tracker/src/components/ui/dialog.tsx [app-client] (ecmascript).
Did you mean to import Dialog?
All exports of the module are statically known (It doesn't have dynamic exports). So it's known statically that the requested export doesn't exist.

Import traces:
  Client Component Browser:
    ./api-ussage-tracker/src/components/admin/AdminKeysTab.tsx [Client Component Browser]
    ./api-ussage-tracker/src/app/admin/page.tsx [Client Component Browser]
    ./api-ussage-tracker/src/app/admin/page.tsx [Server Component]

  Client Component SSR:
    ./api-ussage-tracker/src/components/admin/AdminKeysTab.tsx [Client Component SSR]
    ./api-ussage-tracker/src/app/admin/page.tsx [Client Component SSR]
    ./api-ussage-tracker/src/app/admin/page.tsx [Server Component] @ http://localhost:3000/_next/static/chunks/53c9b_next_dist_af6dcd69._.js:1920
[     732ms] [ERROR] ./api-ussage-tracker/src/components/admin/AdminKeysTab.tsx:13:1
Export DialogFooter doesn't exist in target module
  11 | import { Label } from "@/components/ui/label";
  12 | import { Select, SelectContent, SelectItem, SelectTrigger, SelectValue } from "@/components/ui/select";
> 13 | import { Dialog, DialogContent, DialogHeader, DialogTitle, DialogFooter } from "@/components/ui/dialog";
     | ^^^^^^^^^^^^^^^^^^^^^^^^^^^^^^^^^^^^^^^^^^^^^^^^^^^^^^^^^^^^^^^^^^^^^^^^^^^^^^^^^^^^^^^^^^^^^^^^^^^^^^^^
  14 | import { AlertDialog, AlertDialogAction, AlertDialogCancel, AlertDialogContent, AlertDialogDescription, AlertDialogFooter, AlertDialogHeader, AlertDialogTitle } from "@/components/ui/alert-dialog";
  15 | import { DropdownMenu, DropdownMenuContent, DropdownMenuItem, DropdownMenuTrigger } from "@/components/ui/dropdown-menu";
  16 | import { Plus, MoreHorizontal, Trash2, Search, Loader2 } from "lucide-react";

The export DialogFooter was not found in module [project]/api-ussage-tracker/src/components/ui/dialog.tsx [app-ssr] (ecmascript).
Did you mean to import Dialog?
All exports of the module are statically known (It doesn't have dynamic exports). So it's known statically that the requested export doesn't exist.

Import traces:
  Client Component Browser:
    ./api-ussage-tracker/src/components/admin/AdminKeysTab.tsx [Client Component Browser]
    ./api-ussage-tracker/src/app/admin/page.tsx [Client Component Browser]
    ./api-ussage-tracker/src/app/admin/page.tsx [Server Component]

  Client Component SSR:
    ./api-ussage-tracker/src/components/admin/AdminKeysTab.tsx [Client Component SSR]
    ./api-ussage-tracker/src/app/admin/page.tsx [Client Component SSR]
    ./api-ussage-tracker/src/app/admin/page.tsx [Server Component] @ http://localhost:3000/_next/static/chunks/53c9b_next_dist_af6dcd69._.js:1920
[     732ms] [ERROR] ./api-ussage-tracker/src/components/admin/DepartmentsTab.tsx:11:1
Export DialogFooter doesn't exist in target module
   9 | import { Input } from "@/components/ui/input";
  10 | import { Label } from "@/components/ui/label";
> 11 | import { Dialog, DialogContent, DialogHeader, DialogTitle, DialogFooter } from "@/components/ui/dialog";
     | ^^^^^^^^^^^^^^^^^^^^^^^^^^^^^^^^^^^^^^^^^^^^^^^^^^^^^^^^^^^^^^^^^^^^^^^^^^^^^^^^^^^^^^^^^^^^^^^^^^^^^^^^
  12 | import { AlertDialog, AlertDialogAction, AlertDialogCancel, AlertDialogContent, AlertDialogDescription, AlertDialogFooter, AlertDialogHeader, AlertDialogTitle } from "@/components/ui/alert-dialog";
  13 | import { DropdownMenu, DropdownMenuContent, DropdownMenuItem, DropdownMenuTrigger } from "@/components/ui/dropdown-menu";
  14 | import { Plus, MoreHorizontal, Pencil, Trash2 } from "lucide-react";

The export DialogFooter was not found in module [project]/api-ussage-tracker/src/components/ui/dialog.tsx [app-client] (ecmascript).
Did you mean to import Dialog?
All exports of the module are statically known (It doesn't have dynamic exports). So it's known statically that the requested export doesn't exist.

Import traces:
  Client Component Browser:
    ./api-ussage-tracker/src/components/admin/DepartmentsTab.tsx [Client Component Browser]
    ./api-ussage-tracker/src/app/admin/page.tsx [Client Component Browser]
    ./api-ussage-tracker/src/app/admin/page.tsx [Server Component]

  Client Component SSR:
    ./api-ussage-tracker/src/components/admin/DepartmentsTab.tsx [Client Component SSR]
    ./api-ussage-tracker/src/app/admin/page.tsx [Client Component SSR]
    ./api-ussage-tracker/src/app/admin/page.tsx [Server Component] @ http://localhost:3000/_next/static/chunks/53c9b_next_dist_af6dcd69._.js:1920
[     732ms] [ERROR] ./api-ussage-tracker/src/components/admin/DepartmentsTab.tsx:11:1
Export DialogFooter doesn't exist in target module
   9 | import { Input } from "@/components/ui/input";
  10 | import { Label } from "@/components/ui/label";
> 11 | import { Dialog, DialogContent, DialogHeader, DialogTitle, DialogFooter } from "@/components/ui/dialog";
     | ^^^^^^^^^^^^^^^^^^^^^^^^^^^^^^^^^^^^^^^^^^^^^^^^^^^^^^^^^^^^^^^^^^^^^^^^^^^^^^^^^^^^^^^^^^^^^^^^^^^^^^^^
  12 | import { AlertDialog, AlertDialogAction, AlertDialogCancel, AlertDialogContent, AlertDialogDescription, AlertDialogFooter, AlertDialogHeader, AlertDialogTitle } from "@/components/ui/alert-dialog";
  13 | import { DropdownMenu, DropdownMenuContent, DropdownMenuItem, DropdownMenuTrigger } from "@/components/ui/dropdown-menu";
  14 | import { Plus, MoreHorizontal, Pencil, Trash2 } from "lucide-react";

The export DialogFooter was not found in module [project]/api-ussage-tracker/src/components/ui/dialog.tsx [app-ssr] (ecmascript).
Did you mean to import Dialog?
All exports of the module are statically known (It doesn't have dynamic exports). So it's known statically that the requested export doesn't exist.

Import traces:
  Client Component Browser:
    ./api-ussage-tracker/src/components/admin/DepartmentsTab.tsx [Client Component Browser]
    ./api-ussage-tracker/src/app/admin/page.tsx [Client Component Browser]
    ./api-ussage-tracker/src/app/admin/page.tsx [Server Component]

  Client Component SSR:
    ./api-ussage-tracker/src/components/admin/DepartmentsTab.tsx [Client Component SSR]
    ./api-ussage-tracker/src/app/admin/page.tsx [Client Component SSR]
    ./api-ussage-tracker/src/app/admin/page.tsx [Server Component] @ http://localhost:3000/_next/static/chunks/53c9b_next_dist_af6dcd69._.js:1920
[     733ms] [ERROR] ./api-ussage-tracker/src/components/admin/PlatformKeysTab.tsx:13:1
Export DialogFooter doesn't exist in target module
  11 | import { Label } from "@/components/ui/label";
  12 | import { Select, SelectContent, SelectItem, SelectTrigger, SelectValue } from "@/components/ui/select";
> 13 | import { Dialog, DialogContent, DialogHeader, DialogTitle, DialogFooter } from "@/components/ui/dialog";
     | ^^^^^^^^^^^^^^^^^^^^^^^^^^^^^^^^^^^^^^^^^^^^^^^^^^^^^^^^^^^^^^^^^^^^^^^^^^^^^^^^^^^^^^^^^^^^^^^^^^^^^^^^
  14 | import { AlertDialog, AlertDialogAction, AlertDialogCancel, AlertDialogContent, AlertDialogDescription, AlertDialogFooter, AlertDialogHeader, AlertDialogTitle } from "@/components/ui/alert-dialog";
  15 | import { DropdownMenu, DropdownMenuContent, DropdownMenuItem, DropdownMenuTrigger } from "@/components/ui/dropdown-menu";
  16 | import { Plus, MoreHorizontal, Trash2, RefreshCw, Loader2 } from "lucide-react";

The export DialogFooter was not found in module [project]/api-ussage-tracker/src/components/ui/dialog.tsx [app-client] (ecmascript).
Did you mean to import Dialog?
All exports of the module are statically known (It doesn't have dynamic exports). So it's known statically that the requested export doesn't exist.

Import traces:
  Client Component Browser:
    ./api-ussage-tracker/src/components/admin/PlatformKeysTab.tsx [Client Component Browser]
    ./api-ussage-tracker/src/app/admin/page.tsx [Client Component Browser]
    ./api-ussage-tracker/src/app/admin/page.tsx [Server Component]

  Client Component SSR:
    ./api-ussage-tracker/src/components/admin/PlatformKeysTab.tsx [Client Component SSR]
    ./api-ussage-tracker/src/app/admin/page.tsx [Client Component SSR]
    ./api-ussage-tracker/src/app/admin/page.tsx [Server Component] @ http://localhost:3000/_next/static/chunks/53c9b_next_dist_af6dcd69._.js:1920
[     733ms] [ERROR] ./api-ussage-tracker/src/components/admin/PlatformKeysTab.tsx:13:1
Export DialogFooter doesn't exist in target module
  11 | import { Label } from "@/components/ui/label";
  12 | import { Select, SelectContent, SelectItem, SelectTrigger, SelectValue } from "@/components/ui/select";
> 13 | import { Dialog, DialogContent, DialogHeader, DialogTitle, DialogFooter } from "@/components/ui/dialog";
     | ^^^^^^^^^^^^^^^^^^^^^^^^^^^^^^^^^^^^^^^^^^^^^^^^^^^^^^^^^^^^^^^^^^^^^^^^^^^^^^^^^^^^^^^^^^^^^^^^^^^^^^^^
  14 | import { AlertDialog, AlertDialogAction, AlertDialogCancel, AlertDialogContent, AlertDialogDescription, AlertDialogFooter, AlertDialogHeader, AlertDialogTitle } from "@/components/ui/alert-dialog";
  15 | import { DropdownMenu, DropdownMenuContent, DropdownMenuItem, DropdownMenuTrigger } from "@/components/ui/dropdown-menu";
  16 | import { Plus, MoreHorizontal, Trash2, RefreshCw, Loader2 } from "lucide-react";

The export DialogFooter was not found in module [project]/api-ussage-tracker/src/components/ui/dialog.tsx [app-ssr] (ecmascript).
Did you mean to import Dialog?
All exports of the module are statically known (It doesn't have dynamic exports). So it's known statically that the requested export doesn't exist.

Import traces:
  Client Component Browser:
    ./api-ussage-tracker/src/components/admin/PlatformKeysTab.tsx [Client Component Browser]
    ./api-ussage-tracker/src/app/admin/page.tsx [Client Component Browser]
    ./api-ussage-tracker/src/app/admin/page.tsx [Server Component]

  Client Component SSR:
    ./api-ussage-tracker/src/components/admin/PlatformKeysTab.tsx [Client Component SSR]
    ./api-ussage-tracker/src/app/admin/page.tsx [Client Component SSR]
    ./api-ussage-tracker/src/app/admin/page.tsx [Server Component] @ http://localhost:3000/_next/static/chunks/53c9b_next_dist_af6dcd69._.js:1920
[     733ms] [ERROR] ./api-ussage-tracker/src/components/admin/ProjectsTab.tsx:13:1
Export DialogFooter doesn't exist in target module
  11 | import { Label } from "@/components/ui/label";
  12 | import { Select, SelectContent, SelectItem, SelectTrigger, SelectValue } from "@/components/ui/select";
> 13 | import { Dialog, DialogContent, DialogHeader, DialogTitle, DialogFooter } from "@/components/ui/dialog";
     | ^^^^^^^^^^^^^^^^^^^^^^^^^^^^^^^^^^^^^^^^^^^^^^^^^^^^^^^^^^^^^^^^^^^^^^^^^^^^^^^^^^^^^^^^^^^^^^^^^^^^^^^^
  14 | import { AlertDialog, AlertDialogAction, AlertDialogCancel, AlertDialogContent, AlertDialogDescription, AlertDialogFooter, AlertDialogHeader, AlertDialogTitle } from "@/components/ui/alert-dialog";
  15 | import { DropdownMenu, DropdownMenuContent, DropdownMenuItem, DropdownMenuTrigger } from "@/components/ui/dropdown-menu";
  16 | import { Plus, MoreHorizontal, Pencil, Trash2 } from "lucide-react";

The export DialogFooter was not found in module [project]/api-ussage-tracker/src/components/ui/dialog.tsx [app-client] (ecmascript).
Did you mean to import Dialog?
All exports of the module are statically known (It doesn't have dynamic exports). So it's known statically that the requested export doesn't exist.

Import traces:
  Client Component Browser:
    ./api-ussage-tracker/src/components/admin/ProjectsTab.tsx [Client Component Browser]
    ./api-ussage-tracker/src/app/admin/page.tsx [Client Component Browser]
    ./api-ussage-tracker/src/app/admin/page.tsx [Server Component]

  Client Component SSR:
    ./api-ussage-tracker/src/components/admin/ProjectsTab.tsx [Client Component SSR]
    ./api-ussage-tracker/src/app/admin/page.tsx [Client Component SSR]
    ./api-ussage-tracker/src/app/admin/page.tsx [Server Component] @ http://localhost:3000/_next/static/chunks/53c9b_next_dist_af6dcd69._.js:1920
[     733ms] [ERROR] ./api-ussage-tracker/src/components/admin/ProjectsTab.tsx:13:1
Export DialogFooter doesn't exist in target module
  11 | import { Label } from "@/components/ui/label";
  12 | import { Select, SelectContent, SelectItem, SelectTrigger, SelectValue } from "@/components/ui/select";
> 13 | import { Dialog, DialogContent, DialogHeader, DialogTitle, DialogFooter } from "@/components/ui/dialog";
     | ^^^^^^^^^^^^^^^^^^^^^^^^^^^^^^^^^^^^^^^^^^^^^^^^^^^^^^^^^^^^^^^^^^^^^^^^^^^^^^^^^^^^^^^^^^^^^^^^^^^^^^^^
  14 | import { AlertDialog, AlertDialogAction, AlertDialogCancel, AlertDialogContent, AlertDialogDescription, AlertDialogFooter, AlertDialogHeader, AlertDialogTitle } from "@/components/ui/alert-dialog";
  15 | import { DropdownMenu, DropdownMenuContent, DropdownMenuItem, DropdownMenuTrigger } from "@/components/ui/dropdown-menu";
  16 | import { Plus, MoreHorizontal, Pencil, Trash2 } from "lucide-react";

The export DialogFooter was not found in module [project]/api-ussage-tracker/src/components/ui/dialog.tsx [app-ssr] (ecmascript).
Did you mean to import Dialog?
All exports of the module are statically known (It doesn't have dynamic exports). So it's known statically that the requested export doesn't exist.

Import traces:
  Client Component Browser:
    ./api-ussage-tracker/src/components/admin/ProjectsTab.tsx [Client Component Browser]
    ./api-ussage-tracker/src/app/admin/page.tsx [Client Component Browser]
    ./api-ussage-tracker/src/app/admin/page.tsx [Server Component]

  Client Component SSR:
    ./api-ussage-tracker/src/components/admin/ProjectsTab.tsx [Client Component SSR]
    ./api-ussage-tracker/src/app/admin/page.tsx [Client Component SSR]
    ./api-ussage-tracker/src/app/admin/page.tsx [Server Component] @ http://localhost:3000/_next/static/chunks/53c9b_next_dist_af6dcd69._.js:1920
[     733ms] [ERROR] ./api-ussage-tracker/src/components/admin/UsersTab.tsx:13:1
Export DialogFooter doesn't exist in target module
  11 | import { Label } from "@/components/ui/label";
  12 | import { Select, SelectContent, SelectItem, SelectTrigger, SelectValue } from "@/components/ui/select";
> 13 | import { Dialog, DialogContent, DialogHeader, DialogTitle, DialogFooter } from "@/components/ui/dialog";
     | ^^^^^^^^^^^^^^^^^^^^^^^^^^^^^^^^^^^^^^^^^^^^^^^^^^^^^^^^^^^^^^^^^^^^^^^^^^^^^^^^^^^^^^^^^^^^^^^^^^^^^^^^
  14 | import { AlertDialog, AlertDialogAction, AlertDialogCancel, AlertDialogContent, AlertDialogDescription, AlertDialogFooter, AlertDialogHeader, AlertDialogTitle } from "@/components/ui/alert-dialog";
  15 | import { DropdownMenu, DropdownMenuContent, DropdownMenuItem, DropdownMenuTrigger } from "@/components/ui/dropdown-menu";
  16 | import { Avatar, AvatarFallback } from "@/components/ui/avatar";

The export DialogFooter was not found in module [project]/api-ussage-tracker/src/components/ui/dialog.tsx [app-client] (ecmascript).
Did you mean to import Dialog?
All exports of the module are statically known (It doesn't have dynamic exports). So it's known statically that the requested export doesn't exist.

Import traces:
  Client Component Browser:
    ./api-ussage-tracker/src/components/admin/UsersTab.tsx [Client Component Browser]
    ./api-ussage-tracker/src/app/admin/page.tsx [Client Component Browser]
    ./api-ussage-tracker/src/app/admin/page.tsx [Server Component]

  Client Component SSR:
    ./api-ussage-tracker/src/components/admin/UsersTab.tsx [Client Component SSR]
    ./api-ussage-tracker/src/app/admin/page.tsx [Client Component SSR]
    ./api-ussage-tracker/src/app/admin/page.tsx [Server Component] @ http://localhost:3000/_next/static/chunks/53c9b_next_dist_af6dcd69._.js:1920
[     733ms] [ERROR] ./api-ussage-tracker/src/components/admin/UsersTab.tsx:13:1
Export DialogFooter doesn't exist in target module
  11 | import { Label } from "@/components/ui/label";
  12 | import { Select, SelectContent, SelectItem, SelectTrigger, SelectValue } from "@/components/ui/select";
> 13 | import { Dialog, DialogContent, DialogHeader, DialogTitle, DialogFooter } from "@/components/ui/dialog";
     | ^^^^^^^^^^^^^^^^^^^^^^^^^^^^^^^^^^^^^^^^^^^^^^^^^^^^^^^^^^^^^^^^^^^^^^^^^^^^^^^^^^^^^^^^^^^^^^^^^^^^^^^^
  14 | import { AlertDialog, AlertDialogAction, AlertDialogCancel, AlertDialogContent, AlertDialogDescription, AlertDialogFooter, AlertDialogHeader, AlertDialogTitle } from "@/components/ui/alert-dialog";
  15 | import { DropdownMenu, DropdownMenuContent, DropdownMenuItem, DropdownMenuTrigger } from "@/components/ui/dropdown-menu";
  16 | import { Avatar, AvatarFallback } from "@/components/ui/avatar";

The export DialogFooter was not found in module [project]/api-ussage-tracker/src/components/ui/dialog.tsx [app-ssr] (ecmascript).
Did you mean to import Dialog?
All exports of the module are statically known (It doesn't have dynamic exports). So it's known statically that the requested export doesn't exist.

Import traces:
  Client Component Browser:
    ./api-ussage-tracker/src/components/admin/UsersTab.tsx [Client Component Browser]
    ./api-ussage-tracker/src/app/admin/page.tsx [Client Component Browser]
    ./api-ussage-tracker/src/app/admin/page.tsx [Server Component]

  Client Component SSR:
    ./api-ussage-tracker/src/components/admin/UsersTab.tsx [Client Component SSR]
    ./api-ussage-tracker/src/app/admin/page.tsx [Client Component SSR]
    ./api-ussage-tracker/src/app/admin/page.tsx [Server Component] @ http://localhost:3000/_next/static/chunks/53c9b_next_dist_af6dcd69._.js:1920
[    1093ms] [ERROR] ./api-ussage-tracker/src/components/admin/AdminKeysTab.tsx:13:1
Export DialogFooter doesn't exist in target module
  11 | import { Label } from "@/components/ui/label";
  12 | import { Select, SelectContent, SelectItem, SelectTrigger, SelectValue } from "@/components/ui/select";
> 13 | import { Dialog, DialogContent, DialogHeader, DialogTitle, DialogFooter } from "@/components/ui/dialog";
     | ^^^^^^^^^^^^^^^^^^^^^^^^^^^^^^^^^^^^^^^^^^^^^^^^^^^^^^^^^^^^^^^^^^^^^^^^^^^^^^^^^^^^^^^^^^^^^^^^^^^^^^^^
  14 | import { AlertDialog, AlertDialogAction, AlertDialogCancel, AlertDialogContent, AlertDialogDescription, AlertDialogFooter, AlertDialogHeader, AlertDialogTitle } from "@/components/ui/alert-dialog";
  15 | import { DropdownMenu, DropdownMenuContent, DropdownMenuItem, DropdownMenuTrigger } from "@/components/ui/dropdown-menu";
  16 | import { Plus, MoreHorizontal, Trash2, Search, Loader2 } from "lucide-react";

The export DialogFooter was not found in module [project]/api-ussage-tracker/src/components/ui/dialog.tsx [app-client] (ecmascript).
Did you mean to import Dialog?
All exports of the module are statically known (It doesn't have dynamic exports). So it's known statically that the requested export doesn't exist.

Import traces:
  Client Component Browser:
    ./api-ussage-tracker/src/components/admin/AdminKeysTab.tsx [Client Component Browser]
    ./api-ussage-tracker/src/app/admin/page.tsx [Client Component Browser]
    ./api-ussage-tracker/src/app/admin/page.tsx [Server Component]

  Client Component SSR:
    ./api-ussage-tracker/src/components/admin/AdminKeysTab.tsx [Client Component SSR]
    ./api-ussage-tracker/src/app/admin/page.tsx [Client Component SSR]
    ./api-ussage-tracker/src/app/admin/page.tsx [Server Component] @ http://localhost:3000/_next/static/chunks/53c9b_next_dist_632736dc._.js:3127
[    1094ms] [ERROR] ./api-ussage-tracker/src/components/admin/AdminKeysTab.tsx:13:1
Export DialogFooter doesn't exist in target module
  11 | import { Label } from "@/components/ui/label";
  12 | import { Select, SelectContent, SelectItem, SelectTrigger, SelectValue } from "@/components/ui/select";
> 13 | import { Dialog, DialogContent, DialogHeader, DialogTitle, DialogFooter } from "@/components/ui/dialog";
     | ^^^^^^^^^^^^^^^^^^^^^^^^^^^^^^^^^^^^^^^^^^^^^^^^^^^^^^^^^^^^^^^^^^^^^^^^^^^^^^^^^^^^^^^^^^^^^^^^^^^^^^^^
  14 | import { AlertDialog, AlertDialogAction, AlertDialogCancel, AlertDialogContent, AlertDialogDescription, AlertDialogFooter, AlertDialogHeader, AlertDialogTitle } from "@/components/ui/alert-dialog";
  15 | import { DropdownMenu, DropdownMenuContent, DropdownMenuItem, DropdownMenuTrigger } from "@/components/ui/dropdown-menu";
  16 | import { Plus, MoreHorizontal, Trash2, Search, Loader2 } from "lucide-react";

The export DialogFooter was not found in module [project]/api-ussage-tracker/src/components/ui/dialog.tsx [app-ssr] (ecmascript).
Did you mean to import Dialog?
All exports of the module are statically known (It doesn't have dynamic exports). So it's known statically that the requested export doesn't exist.

Import traces:
  Client Component Browser:
    ./api-ussage-tracker/src/components/admin/AdminKeysTab.tsx [Client Component Browser]
    ./api-ussage-tracker/src/app/admin/page.tsx [Client Component Browser]
    ./api-ussage-tracker/src/app/admin/page.tsx [Server Component]

  Client Component SSR:
    ./api-ussage-tracker/src/components/admin/AdminKeysTab.tsx [Client Component SSR]
    ./api-ussage-tracker/src/app/admin/page.tsx [Client Component SSR]
    ./api-ussage-tracker/src/app/admin/page.tsx [Server Component] @ http://localhost:3000/_next/static/chunks/53c9b_next_dist_632736dc._.js:3127
[    1095ms] [ERROR] ./api-ussage-tracker/src/components/admin/DepartmentsTab.tsx:11:1
Export DialogFooter doesn't exist in target module
   9 | import { Input } from "@/components/ui/input";
  10 | import { Label } from "@/components/ui/label";
> 11 | import { Dialog, DialogContent, DialogHeader, DialogTitle, DialogFooter } from "@/components/ui/dialog";
     | ^^^^^^^^^^^^^^^^^^^^^^^^^^^^^^^^^^^^^^^^^^^^^^^^^^^^^^^^^^^^^^^^^^^^^^^^^^^^^^^^^^^^^^^^^^^^^^^^^^^^^^^^
  12 | import { AlertDialog, AlertDialogAction, AlertDialogCancel, AlertDialogContent, AlertDialogDescription, AlertDialogFooter, AlertDialogHeader, AlertDialogTitle } from "@/components/ui/alert-dialog";
  13 | import { DropdownMenu, DropdownMenuContent, DropdownMenuItem, DropdownMenuTrigger } from "@/components/ui/dropdown-menu";
  14 | import { Plus, MoreHorizontal, Pencil, Trash2 } from "lucide-react";

The export DialogFooter was not found in module [project]/api-ussage-tracker/src/components/ui/dialog.tsx [app-client] (ecmascript).
Did you mean to import Dialog?
All exports of the module are statically known (It doesn't have dynamic exports). So it's known statically that the requested export doesn't exist.

Import traces:
  Client Component Browser:
    ./api-ussage-tracker/src/components/admin/DepartmentsTab.tsx [Client Component Browser]
    ./api-ussage-tracker/src/app/admin/page.tsx [Client Component Browser]
    ./api-ussage-tracker/src/app/admin/page.tsx [Server Component]

  Client Component SSR:
    ./api-ussage-tracker/src/components/admin/DepartmentsTab.tsx [Client Component SSR]
    ./api-ussage-tracker/src/app/admin/page.tsx [Client Component SSR]
    ./api-ussage-tracker/src/app/admin/page.tsx [Server Component] @ http://localhost:3000/_next/static/chunks/53c9b_next_dist_632736dc._.js:3127
[    1095ms] [ERROR] ./api-ussage-tracker/src/components/admin/DepartmentsTab.tsx:11:1
Export DialogFooter doesn't exist in target module
   9 | import { Input } from "@/components/ui/input";
  10 | import { Label } from "@/components/ui/label";
> 11 | import { Dialog, DialogContent, DialogHeader, DialogTitle, DialogFooter } from "@/components/ui/dialog";
     | ^^^^^^^^^^^^^^^^^^^^^^^^^^^^^^^^^^^^^^^^^^^^^^^^^^^^^^^^^^^^^^^^^^^^^^^^^^^^^^^^^^^^^^^^^^^^^^^^^^^^^^^^
  12 | import { AlertDialog, AlertDialogAction, AlertDialogCancel, AlertDialogContent, AlertDialogDescription, AlertDialogFooter, AlertDialogHeader, AlertDialogTitle } from "@/components/ui/alert-dialog";
  13 | import { DropdownMenu, DropdownMenuContent, DropdownMenuItem, DropdownMenuTrigger } from "@/components/ui/dropdown-menu";
  14 | import { Plus, MoreHorizontal, Pencil, Trash2 } from "lucide-react";

The export DialogFooter was not found in module [project]/api-ussage-tracker/src/components/ui/dialog.tsx [app-ssr] (ecmascript).
Did you mean to import Dialog?
All exports of the module are statically known (It doesn't have dynamic exports). So it's known statically that the requested export doesn't exist.

Import traces:
  Client Component Browser:
    ./api-ussage-tracker/src/components/admin/DepartmentsTab.tsx [Client Component Browser]
    ./api-ussage-tracker/src/app/admin/page.tsx [Client Component Browser]
    ./api-ussage-tracker/src/app/admin/page.tsx [Server Component]

  Client Component SSR:
    ./api-ussage-tracker/src/components/admin/DepartmentsTab.tsx [Client Component SSR]
    ./api-ussage-tracker/src/app/admin/page.tsx [Client Component SSR]
    ./api-ussage-tracker/src/app/admin/page.tsx [Server Component] @ http://localhost:3000/_next/static/chunks/53c9b_next_dist_632736dc._.js:3127
[    1095ms] [ERROR] ./api-ussage-tracker/src/components/admin/PlatformKeysTab.tsx:13:1
Export DialogFooter doesn't exist in target module
  11 | import { Label } from "@/components/ui/label";
  12 | import { Select, SelectContent, SelectItem, SelectTrigger, SelectValue } from "@/components/ui/select";
> 13 | import { Dialog, DialogContent, DialogHeader, DialogTitle, DialogFooter } from "@/components/ui/dialog";
     | ^^^^^^^^^^^^^^^^^^^^^^^^^^^^^^^^^^^^^^^^^^^^^^^^^^^^^^^^^^^^^^^^^^^^^^^^^^^^^^^^^^^^^^^^^^^^^^^^^^^^^^^^
  14 | import { AlertDialog, AlertDialogAction, AlertDialogCancel, AlertDialogContent, AlertDialogDescription, AlertDialogFooter, AlertDialogHeader, AlertDialogTitle } from "@/components/ui/alert-dialog";
  15 | import { DropdownMenu, DropdownMenuContent, DropdownMenuItem, DropdownMenuTrigger } from "@/components/ui/dropdown-menu";
  16 | import { Plus, MoreHorizontal, Trash2, RefreshCw, Loader2 } from "lucide-react";

The export DialogFooter was not found in module [project]/api-ussage-tracker/src/components/ui/dialog.tsx [app-client] (ecmascript).
Did you mean to import Dialog?
All exports of the module are statically known (It doesn't have dynamic exports). So it's known statically that the requested export doesn't exist.

Import traces:
  Client Component Browser:
    ./api-ussage-tracker/src/components/admin/PlatformKeysTab.tsx [Client Component Browser]
    ./api-ussage-tracker/src/app/admin/page.tsx [Client Component Browser]
    ./api-ussage-tracker/src/app/admin/page.tsx [Server Component]

  Client Component SSR:
    ./api-ussage-tracker/src/components/admin/PlatformKeysTab.tsx [Client Component SSR]
    ./api-ussage-tracker/src/app/admin/page.tsx [Client Component SSR]
    ./api-ussage-tracker/src/app/admin/page.tsx [Server Component] @ http://localhost:3000/_next/static/chunks/53c9b_next_dist_632736dc._.js:3127
[    1096ms] [ERROR] ./api-ussage-tracker/src/components/admin/PlatformKeysTab.tsx:13:1
Export DialogFooter doesn't exist in target module
  11 | import { Label } from "@/components/ui/label";
  12 | import { Select, SelectContent, SelectItem, SelectTrigger, SelectValue } from "@/components/ui/select";
> 13 | import { Dialog, DialogContent, DialogHeader, DialogTitle, DialogFooter } from "@/components/ui/dialog";
     | ^^^^^^^^^^^^^^^^^^^^^^^^^^^^^^^^^^^^^^^^^^^^^^^^^^^^^^^^^^^^^^^^^^^^^^^^^^^^^^^^^^^^^^^^^^^^^^^^^^^^^^^^
  14 | import { AlertDialog, AlertDialogAction, AlertDialogCancel, AlertDialogContent, AlertDialogDescription, AlertDialogFooter, AlertDialogHeader, AlertDialogTitle } from "@/components/ui/alert-dialog";
  15 | import { DropdownMenu, DropdownMenuContent, DropdownMenuItem, DropdownMenuTrigger } from "@/components/ui/dropdown-menu";
  16 | import { Plus, MoreHorizontal, Trash2, RefreshCw, Loader2 } from "lucide-react";

The export DialogFooter was not found in module [project]/api-ussage-tracker/src/components/ui/dialog.tsx [app-ssr] (ecmascript).
Did you mean to import Dialog?
All exports of the module are statically known (It doesn't have dynamic exports). So it's known statically that the requested export doesn't exist.

Import traces:
  Client Component Browser:
    ./api-ussage-tracker/src/components/admin/PlatformKeysTab.tsx [Client Component Browser]
    ./api-ussage-tracker/src/app/admin/page.tsx [Client Component Browser]
    ./api-ussage-tracker/src/app/admin/page.tsx [Server Component]

  Client Component SSR:
    ./api-ussage-tracker/src/components/admin/PlatformKeysTab.tsx [Client Component SSR]
    ./api-ussage-tracker/src/app/admin/page.tsx [Client Component SSR]
    ./api-ussage-tracker/src/app/admin/page.tsx [Server Component] @ http://localhost:3000/_next/static/chunks/53c9b_next_dist_632736dc._.js:3127
[    1096ms] [ERROR] ./api-ussage-tracker/src/components/admin/ProjectsTab.tsx:13:1
Export DialogFooter doesn't exist in target module
  11 | import { Label } from "@/components/ui/label";
  12 | import { Select, SelectContent, SelectItem, SelectTrigger, SelectValue } from "@/components/ui/select";
> 13 | import { Dialog, DialogContent, DialogHeader, DialogTitle, DialogFooter } from "@/components/ui/dialog";
     | ^^^^^^^^^^^^^^^^^^^^^^^^^^^^^^^^^^^^^^^^^^^^^^^^^^^^^^^^^^^^^^^^^^^^^^^^^^^^^^^^^^^^^^^^^^^^^^^^^^^^^^^^
  14 | import { AlertDialog, AlertDialogAction, AlertDialogCancel, AlertDialogContent, AlertDialogDescription, AlertDialogFooter, AlertDialogHeader, AlertDialogTitle } from "@/components/ui/alert-dialog";
  15 | import { DropdownMenu, DropdownMenuContent, DropdownMenuItem, DropdownMenuTrigger } from "@/components/ui/dropdown-menu";
  16 | import { Plus, MoreHorizontal, Pencil, Trash2 } from "lucide-react";

The export DialogFooter was not found in module [project]/api-ussage-tracker/src/components/ui/dialog.tsx [app-client] (ecmascript).
Did you mean to import Dialog?
All exports of the module are statically known (It doesn't have dynamic exports). So it's known statically that the requested export doesn't exist.

Import traces:
  Client Component Browser:
    ./api-ussage-tracker/src/components/admin/ProjectsTab.tsx [Client Component Browser]
    ./api-ussage-tracker/src/app/admin/page.tsx [Client Component Browser]
    ./api-ussage-tracker/src/app/admin/page.tsx [Server Component]

  Client Component SSR:
    ./api-ussage-tracker/src/components/admin/ProjectsTab.tsx [Client Component SSR]
    ./api-ussage-tracker/src/app/admin/page.tsx [Client Component SSR]
    ./api-ussage-tracker/src/app/admin/page.tsx [Server Component] @ http://localhost:3000/_next/static/chunks/53c9b_next_dist_632736dc._.js:3127
[    1096ms] [ERROR] ./api-ussage-tracker/src/components/admin/ProjectsTab.tsx:13:1
Export DialogFooter doesn't exist in target module
  11 | import { Label } from "@/components/ui/label";
  12 | import { Select, SelectContent, SelectItem, SelectTrigger, SelectValue } from "@/components/ui/select";
> 13 | import { Dialog, DialogContent, DialogHeader, DialogTitle, DialogFooter } from "@/components/ui/dialog";
     | ^^^^^^^^^^^^^^^^^^^^^^^^^^^^^^^^^^^^^^^^^^^^^^^^^^^^^^^^^^^^^^^^^^^^^^^^^^^^^^^^^^^^^^^^^^^^^^^^^^^^^^^^
  14 | import { AlertDialog, AlertDialogAction, AlertDialogCancel, AlertDialogContent, AlertDialogDescription, AlertDialogFooter, AlertDialogHeader, AlertDialogTitle } from "@/components/ui/alert-dialog";
  15 | import { DropdownMenu, DropdownMenuContent, DropdownMenuItem, DropdownMenuTrigger } from "@/components/ui/dropdown-menu";
  16 | import { Plus, MoreHorizontal, Pencil, Trash2 } from "lucide-react";

The export DialogFooter was not found in module [project]/api-ussage-tracker/src/components/ui/dialog.tsx [app-ssr] (ecmascript).
Did you mean to import Dialog?
All exports of the module are statically known (It doesn't have dynamic exports). So it's known statically that the requested export doesn't exist.

Import traces:
  Client Component Browser:
    ./api-ussage-tracker/src/components/admin/ProjectsTab.tsx [Client Component Browser]
    ./api-ussage-tracker/src/app/admin/page.tsx [Client Component Browser]
    ./api-ussage-tracker/src/app/admin/page.tsx [Server Component]

  Client Component SSR:
    ./api-ussage-tracker/src/components/admin/ProjectsTab.tsx [Client Component SSR]
    ./api-ussage-tracker/src/app/admin/page.tsx [Client Component SSR]
    ./api-ussage-tracker/src/app/admin/page.tsx [Server Component] @ http://localhost:3000/_next/static/chunks/53c9b_next_dist_632736dc._.js:3127
[    1097ms] [ERROR] ./api-ussage-tracker/src/components/admin/UsersTab.tsx:13:1
Export DialogFooter doesn't exist in target module
  11 | import { Label } from "@/components/ui/label";
  12 | import { Select, SelectContent, SelectItem, SelectTrigger, SelectValue } from "@/components/ui/select";
> 13 | import { Dialog, DialogContent, DialogHeader, DialogTitle, DialogFooter } from "@/components/ui/dialog";
     | ^^^^^^^^^^^^^^^^^^^^^^^^^^^^^^^^^^^^^^^^^^^^^^^^^^^^^^^^^^^^^^^^^^^^^^^^^^^^^^^^^^^^^^^^^^^^^^^^^^^^^^^^
  14 | import { AlertDialog, AlertDialogAction, AlertDialogCancel, AlertDialogContent, AlertDialogDescription, AlertDialogFooter, AlertDialogHeader, AlertDialogTitle } from "@/components/ui/alert-dialog";
  15 | import { DropdownMenu, DropdownMenuContent, DropdownMenuItem, DropdownMenuTrigger } from "@/components/ui/dropdown-menu";
  16 | import { Avatar, AvatarFallback } from "@/components/ui/avatar";

The export DialogFooter was not found in module [project]/api-ussage-tracker/src/components/ui/dialog.tsx [app-client] (ecmascript).
Did you mean to import Dialog?
All exports of the module are statically known (It doesn't have dynamic exports). So it's known statically that the requested export doesn't exist.

Import traces:
  Client Component Browser:
    ./api-ussage-tracker/src/components/admin/UsersTab.tsx [Client Component Browser]
    ./api-ussage-tracker/src/app/admin/page.tsx [Client Component Browser]
    ./api-ussage-tracker/src/app/admin/page.tsx [Server Component]

  Client Component SSR:
    ./api-ussage-tracker/src/components/admin/UsersTab.tsx [Client Component SSR]
    ./api-ussage-tracker/src/app/admin/page.tsx [Client Component SSR]
    ./api-ussage-tracker/src/app/admin/page.tsx [Server Component] @ http://localhost:3000/_next/static/chunks/53c9b_next_dist_632736dc._.js:3127
[    1097ms] [ERROR] ./api-ussage-tracker/src/components/admin/UsersTab.tsx:13:1
Export DialogFooter doesn't exist in target module
  11 | import { Label } from "@/components/ui/label";
  12 | import { Select, SelectContent, SelectItem, SelectTrigger, SelectValue } from "@/components/ui/select";
> 13 | import { Dialog, DialogContent, DialogHeader, DialogTitle, DialogFooter } from "@/components/ui/dialog";
     | ^^^^^^^^^^^^^^^^^^^^^^^^^^^^^^^^^^^^^^^^^^^^^^^^^^^^^^^^^^^^^^^^^^^^^^^^^^^^^^^^^^^^^^^^^^^^^^^^^^^^^^^^
  14 | import { AlertDialog, AlertDialogAction, AlertDialogCancel, AlertDialogContent, AlertDialogDescription, AlertDialogFooter, AlertDialogHeader, AlertDialogTitle } from "@/components/ui/alert-dialog";
  15 | import { DropdownMenu, DropdownMenuContent, DropdownMenuItem, DropdownMenuTrigger } from "@/components/ui/dropdown-menu";
  16 | import { Avatar, AvatarFallback } from "@/components/ui/avatar";

The export DialogFooter was not found in module [project]/api-ussage-tracker/src/components/ui/dialog.tsx [app-ssr] (ecmascript).
Did you mean to import Dialog?
All exports of the module are statically known (It doesn't have dynamic exports). So it's known statically that the requested export doesn't exist.

Import traces:
  Client Component Browser:
    ./api-ussage-tracker/src/components/admin/UsersTab.tsx [Client Component Browser]
    ./api-ussage-tracker/src/app/admin/page.tsx [Client Component Browser]
    ./api-ussage-tracker/src/app/admin/page.tsx [Server Component]

  Client Component SSR:
    ./api-ussage-tracker/src/components/admin/UsersTab.tsx [Client Component SSR]
    ./api-ussage-tracker/src/app/admin/page.tsx [Client Component SSR]
    ./api-ussage-tracker/src/app/admin/page.tsx [Server Component] @ http://localhost:3000/_next/static/chunks/53c9b_next_dist_632736dc._.js:3127
[    1347ms] [ERROR] A tree hydrated but some attributes of the server rendered HTML didn't match the client properties. This won't be patched up. This can happen if a SSR-ed Client Component used:

- A server/client branch `if (typeof window !== 'undefined')`.
- Variable input such as `Date.now()` or `Math.random()` which changes each time it's called.
- Date formatting in a user's locale which doesn't match the server.
- External changing data without sending a snapshot of it along with the HTML.
- Invalid HTML tag nesting.

It can also happen if the client has a browser extension installed which messes with the HTML before React loaded.

%s%s https://react.dev/link/hydration-mismatch 

  ...
    <HotReload globalError={[...]} webSocket={WebSocket} staticIndicatorState={{pathname:null, ...}}>
      <AppDevOverlayErrorBoundary globalError={[...]}>
        <ReplaySsrOnlyErrors>
        <DevRootHTTPAccessFallbackBoundary>
          <HTTPAccessFallbackBoundary notFound={<NotAllowedRootHTTPFallbackError>}>
            <HTTPAccessFallbackErrorBoundary pathname="/settings" notFound={<NotAllowedRootHTTPFallbackError>} ...>
              <RedirectBoundary>
                <RedirectErrorBoundary router={{...}}>
                  <Head>
                  <__next_root_layout_boundary__>
                    <SegmentViewNode type="layout" pagePath="/api-ussag...">
                      <SegmentTrieNode>
                      <link>
                      <script>
                      <script>
                      <script>
                      <script>
                      <script>
                      <RootLayout>
                        <html lang="en" suppressHydrationWarning={true}>
                          <body
                            className="inter_5972bc34-module__OU16Qa__className"
-                           style={{overflow-x:"hidden",overflow-y:"hidden"}}
                          >
                  ...
 @ http://localhost:3000/_next/static/chunks/53c9b_next_dist_632736dc._.js:3127
[    1629ms] [ERROR] ./api-ussage-tracker/src/components/admin/AdminKeysTab.tsx:13:1
Export DialogFooter doesn't exist in target module
  11 | import { Label } from "@/components/ui/label";
  12 | import { Select, SelectContent, SelectItem, SelectTrigger, SelectValue } from "@/components/ui/select";
> 13 | import { Dialog, DialogContent, DialogHeader, DialogTitle, DialogFooter } from "@/components/ui/dialog";
     | ^^^^^^^^^^^^^^^^^^^^^^^^^^^^^^^^^^^^^^^^^^^^^^^^^^^^^^^^^^^^^^^^^^^^^^^^^^^^^^^^^^^^^^^^^^^^^^^^^^^^^^^^
  14 | import { AlertDialog, AlertDialogAction, AlertDialogCancel, AlertDialogContent, AlertDialogDescription, AlertDialogFooter, AlertDialogHeader, AlertDialogTitle } from "@/components/ui/alert-dialog";
  15 | import { DropdownMenu, DropdownMenuContent, DropdownMenuItem, DropdownMenuTrigger } from "@/components/ui/dropdown-menu";
  16 | import { Plus, MoreHorizontal, Trash2, Search, Loader2 } from "lucide-react";

The export DialogFooter was not found in module [project]/api-ussage-tracker/src/components/ui/dialog.tsx [app-client] (ecmascript).
Did you mean to import Dialog?
All exports of the module are statically known (It doesn't have dynamic exports). So it's known statically that the requested export doesn't exist.

Import traces:
  Client Component Browser:
    ./api-ussage-tracker/src/components/admin/AdminKeysTab.tsx [Client Component Browser]
    ./api-ussage-tracker/src/app/admin/page.tsx [Client Component Browser]
    ./api-ussage-tracker/src/app/admin/page.tsx [Server Component]

  Client Component SSR:
    ./api-ussage-tracker/src/components/admin/AdminKeysTab.tsx [Client Component SSR]
    ./api-ussage-tracker/src/app/admin/page.tsx [Client Component SSR]
    ./api-ussage-tracker/src/app/admin/page.tsx [Server Component] @ http://localhost:3000/_next/static/chunks/53c9b_next_dist_632736dc._.js:3127
[    1631ms] [ERROR] ./api-ussage-tracker/src/components/admin/AdminKeysTab.tsx:13:1
Export DialogFooter doesn't exist in target module
  11 | import { Label } from "@/components/ui/label";
  12 | import { Select, SelectContent, SelectItem, SelectTrigger, SelectValue } from "@/components/ui/select";
> 13 | import { Dialog, DialogContent, DialogHeader, DialogTitle, DialogFooter } from "@/components/ui/dialog";
     | ^^^^^^^^^^^^^^^^^^^^^^^^^^^^^^^^^^^^^^^^^^^^^^^^^^^^^^^^^^^^^^^^^^^^^^^^^^^^^^^^^^^^^^^^^^^^^^^^^^^^^^^^
  14 | import { AlertDialog, AlertDialogAction, AlertDialogCancel, AlertDialogContent, AlertDialogDescription, AlertDialogFooter, AlertDialogHeader, AlertDialogTitle } from "@/components/ui/alert-dialog";
  15 | import { DropdownMenu, DropdownMenuContent, DropdownMenuItem, DropdownMenuTrigger } from "@/components/ui/dropdown-menu";
  16 | import { Plus, MoreHorizontal, Trash2, Search, Loader2 } from "lucide-react";

The export DialogFooter was not found in module [project]/api-ussage-tracker/src/components/ui/dialog.tsx [app-ssr] (ecmascript).
Did you mean to import Dialog?
All exports of the module are statically known (It doesn't have dynamic exports). So it's known statically that the requested export doesn't exist.

Import traces:
  Client Component Browser:
    ./api-ussage-tracker/src/components/admin/AdminKeysTab.tsx [Client Component Browser]
    ./api-ussage-tracker/src/app/admin/page.tsx [Client Component Browser]
    ./api-ussage-tracker/src/app/admin/page.tsx [Server Component]

  Client Component SSR:
    ./api-ussage-tracker/src/components/admin/AdminKeysTab.tsx [Client Component SSR]
    ./api-ussage-tracker/src/app/admin/page.tsx [Client Component SSR]
    ./api-ussage-tracker/src/app/admin/page.tsx [Server Component] @ http://localhost:3000/_next/static/chunks/53c9b_next_dist_632736dc._.js:3127
[    1631ms] [ERROR] ./api-ussage-tracker/src/components/admin/DepartmentsTab.tsx:11:1
Export DialogFooter doesn't exist in target module
   9 | import { Input } from "@/components/ui/input";
  10 | import { Label } from "@/components/ui/label";
> 11 | import { Dialog, DialogContent, DialogHeader, DialogTitle, DialogFooter } from "@/components/ui/dialog";
     | ^^^^^^^^^^^^^^^^^^^^^^^^^^^^^^^^^^^^^^^^^^^^^^^^^^^^^^^^^^^^^^^^^^^^^^^^^^^^^^^^^^^^^^^^^^^^^^^^^^^^^^^^
  12 | import { AlertDialog, AlertDialogAction, AlertDialogCancel, AlertDialogContent, AlertDialogDescription, AlertDialogFooter, AlertDialogHeader, AlertDialogTitle } from "@/components/ui/alert-dialog";
  13 | import { DropdownMenu, DropdownMenuContent, DropdownMenuItem, DropdownMenuTrigger } from "@/components/ui/dropdown-menu";
  14 | import { Plus, MoreHorizontal, Pencil, Trash2 } from "lucide-react";

The export DialogFooter was not found in module [project]/api-ussage-tracker/src/components/ui/dialog.tsx [app-client] (ecmascript).
Did you mean to import Dialog?
All exports of the module are statically known (It doesn't have dynamic exports). So it's known statically that the requested export doesn't exist.

Import traces:
  Client Component Browser:
    ./api-ussage-tracker/src/components/admin/DepartmentsTab.tsx [Client Component Browser]
    ./api-ussage-tracker/src/app/admin/page.tsx [Client Component Browser]
    ./api-ussage-tracker/src/app/admin/page.tsx [Server Component]

  Client Component SSR:
    ./api-ussage-tracker/src/components/admin/DepartmentsTab.tsx [Client Component SSR]
    ./api-ussage-tracker/src/app/admin/page.tsx [Client Component SSR]
    ./api-ussage-tracker/src/app/admin/page.tsx [Server Component] @ http://localhost:3000/_next/static/chunks/53c9b_next_dist_632736dc._.js:3127
[    1632ms] [ERROR] ./api-ussage-tracker/src/components/admin/DepartmentsTab.tsx:11:1
Export DialogFooter doesn't exist in target module
   9 | import { Input } from "@/components/ui/input";
  10 | import { Label } from "@/components/ui/label";
> 11 | import { Dialog, DialogContent, DialogHeader, DialogTitle, DialogFooter } from "@/components/ui/dialog";
     | ^^^^^^^^^^^^^^^^^^^^^^^^^^^^^^^^^^^^^^^^^^^^^^^^^^^^^^^^^^^^^^^^^^^^^^^^^^^^^^^^^^^^^^^^^^^^^^^^^^^^^^^^
  12 | import { AlertDialog, AlertDialogAction, AlertDialogCancel, AlertDialogContent, AlertDialogDescription, AlertDialogFooter, AlertDialogHeader, AlertDialogTitle } from "@/components/ui/alert-dialog";
  13 | import { DropdownMenu, DropdownMenuContent, DropdownMenuItem, DropdownMenuTrigger } from "@/components/ui/dropdown-menu";
  14 | import { Plus, MoreHorizontal, Pencil, Trash2 } from "lucide-react";

The export DialogFooter was not found in module [project]/api-ussage-tracker/src/components/ui/dialog.tsx [app-ssr] (ecmascript).
Did you mean to import Dialog?
All exports of the module are statically known (It doesn't have dynamic exports). So it's known statically that the requested export doesn't exist.

Import traces:
  Client Component Browser:
    ./api-ussage-tracker/src/components/admin/DepartmentsTab.tsx [Client Component Browser]
    ./api-ussage-tracker/src/app/admin/page.tsx [Client Component Browser]
    ./api-ussage-tracker/src/app/admin/page.tsx [Server Component]

  Client Component SSR:
    ./api-ussage-tracker/src/components/admin/DepartmentsTab.tsx [Client Component SSR]
    ./api-ussage-tracker/src/app/admin/page.tsx [Client Component SSR]
    ./api-ussage-tracker/src/app/admin/page.tsx [Server Component] @ http://localhost:3000/_next/static/chunks/53c9b_next_dist_632736dc._.js:3127
[    1632ms] [ERROR] ./api-ussage-tracker/src/components/admin/PlatformKeysTab.tsx:13:1
Export DialogFooter doesn't exist in target module
  11 | import { Label } from "@/components/ui/label";
  12 | import { Select, SelectContent, SelectItem, SelectTrigger, SelectValue } from "@/components/ui/select";
> 13 | import { Dialog, DialogContent, DialogHeader, DialogTitle, DialogFooter } from "@/components/ui/dialog";
     | ^^^^^^^^^^^^^^^^^^^^^^^^^^^^^^^^^^^^^^^^^^^^^^^^^^^^^^^^^^^^^^^^^^^^^^^^^^^^^^^^^^^^^^^^^^^^^^^^^^^^^^^^
  14 | import { AlertDialog, AlertDialogAction, AlertDialogCancel, AlertDialogContent, AlertDialogDescription, AlertDialogFooter, AlertDialogHeader, AlertDialogTitle } from "@/components/ui/alert-dialog";
  15 | import { DropdownMenu, DropdownMenuContent, DropdownMenuItem, DropdownMenuTrigger } from "@/components/ui/dropdown-menu";
  16 | import { Plus, MoreHorizontal, Trash2, RefreshCw, Loader2 } from "lucide-react";

The export DialogFooter was not found in module [project]/api-ussage-tracker/src/components/ui/dialog.tsx [app-client] (ecmascript).
Did you mean to import Dialog?
All exports of the module are statically known (It doesn't have dynamic exports). So it's known statically that the requested export doesn't exist.

Import traces:
  Client Component Browser:
    ./api-ussage-tracker/src/components/admin/PlatformKeysTab.tsx [Client Component Browser]
    ./api-ussage-tracker/src/app/admin/page.tsx [Client Component Browser]
    ./api-ussage-tracker/src/app/admin/page.tsx [Server Component]

  Client Component SSR:
    ./api-ussage-tracker/src/components/admin/PlatformKeysTab.tsx [Client Component SSR]
    ./api-ussage-tracker/src/app/admin/page.tsx [Client Component SSR]
    ./api-ussage-tracker/src/app/admin/page.tsx [Server Component] @ http://localhost:3000/_next/static/chunks/53c9b_next_dist_632736dc._.js:3127
[    1632ms] [ERROR] ./api-ussage-tracker/src/components/admin/PlatformKeysTab.tsx:13:1
Export DialogFooter doesn't exist in target module
  11 | import { Label } from "@/components/ui/label";
  12 | import { Select, SelectContent, SelectItem, SelectTrigger, SelectValue } from "@/components/ui/select";
> 13 | import { Dialog, DialogContent, DialogHeader, DialogTitle, DialogFooter } from "@/components/ui/dialog";
     | ^^^^^^^^^^^^^^^^^^^^^^^^^^^^^^^^^^^^^^^^^^^^^^^^^^^^^^^^^^^^^^^^^^^^^^^^^^^^^^^^^^^^^^^^^^^^^^^^^^^^^^^^
  14 | import { AlertDialog, AlertDialogAction, AlertDialogCancel, AlertDialogContent, AlertDialogDescription, AlertDialogFooter, AlertDialogHeader, AlertDialogTitle } from "@/components/ui/alert-dialog";
  15 | import { DropdownMenu, DropdownMenuContent, DropdownMenuItem, DropdownMenuTrigger } from "@/components/ui/dropdown-menu";
  16 | import { Plus, MoreHorizontal, Trash2, RefreshCw, Loader2 } from "lucide-react";

The export DialogFooter was not found in module [project]/api-ussage-tracker/src/components/ui/dialog.tsx [app-ssr] (ecmascript).
Did you mean to import Dialog?
All exports of the module are statically known (It doesn't have dynamic exports). So it's known statically that the requested export doesn't exist.

Import traces:
  Client Component Browser:
    ./api-ussage-tracker/src/components/admin/PlatformKeysTab.tsx [Client Component Browser]
    ./api-ussage-tracker/src/app/admin/page.tsx [Client Component Browser]
    ./api-ussage-tracker/src/app/admin/page.tsx [Server Component]

  Client Component SSR:
    ./api-ussage-tracker/src/components/admin/PlatformKeysTab.tsx [Client Component SSR]
    ./api-ussage-tracker/src/app/admin/page.tsx [Client Component SSR]
    ./api-ussage-tracker/src/app/admin/page.tsx [Server Component] @ http://localhost:3000/_next/static/chunks/53c9b_next_dist_632736dc._.js:3127
[    1633ms] [ERROR] ./api-ussage-tracker/src/components/admin/ProjectsTab.tsx:13:1
Export DialogFooter doesn't exist in target module
  11 | import { Label } from "@/components/ui/label";
  12 | import { Select, SelectContent, SelectItem, SelectTrigger, SelectValue } from "@/components/ui/select";
> 13 | import { Dialog, DialogContent, DialogHeader, DialogTitle, DialogFooter } from "@/components/ui/dialog";
     | ^^^^^^^^^^^^^^^^^^^^^^^^^^^^^^^^^^^^^^^^^^^^^^^^^^^^^^^^^^^^^^^^^^^^^^^^^^^^^^^^^^^^^^^^^^^^^^^^^^^^^^^^
  14 | import { AlertDialog, AlertDialogAction, AlertDialogCancel, AlertDialogContent, AlertDialogDescription, AlertDialogFooter, AlertDialogHeader, AlertDialogTitle } from "@/components/ui/alert-dialog";
  15 | import { DropdownMenu, DropdownMenuContent, DropdownMenuItem, DropdownMenuTrigger } from "@/components/ui/dropdown-menu";
  16 | import { Plus, MoreHorizontal, Pencil, Trash2 } from "lucide-react";

The export DialogFooter was not found in module [project]/api-ussage-tracker/src/components/ui/dialog.tsx [app-client] (ecmascript).
Did you mean to import Dialog?
All exports of the module are statically known (It doesn't have dynamic exports). So it's known statically that the requested export doesn't exist.

Import traces:
  Client Component Browser:
    ./api-ussage-tracker/src/components/admin/ProjectsTab.tsx [Client Component Browser]
    ./api-ussage-tracker/src/app/admin/page.tsx [Client Component Browser]
    ./api-ussage-tracker/src/app/admin/page.tsx [Server Component]

  Client Component SSR:
    ./api-ussage-tracker/src/components/admin/ProjectsTab.tsx [Client Component SSR]
    ./api-ussage-tracker/src/app/admin/page.tsx [Client Component SSR]
    ./api-ussage-tracker/src/app/admin/page.tsx [Server Component] @ http://localhost:3000/_next/static/chunks/53c9b_next_dist_632736dc._.js:3127
[    1633ms] [ERROR] ./api-ussage-tracker/src/components/admin/ProjectsTab.tsx:13:1
Export DialogFooter doesn't exist in target module
  11 | import { Label } from "@/components/ui/label";
  12 | import { Select, SelectContent, SelectItem, SelectTrigger, SelectValue } from "@/components/ui/select";
> 13 | import { Dialog, DialogContent, DialogHeader, DialogTitle, DialogFooter } from "@/components/ui/dialog";
     | ^^^^^^^^^^^^^^^^^^^^^^^^^^^^^^^^^^^^^^^^^^^^^^^^^^^^^^^^^^^^^^^^^^^^^^^^^^^^^^^^^^^^^^^^^^^^^^^^^^^^^^^^
  14 | import { AlertDialog, AlertDialogAction, AlertDialogCancel, AlertDialogContent, AlertDialogDescription, AlertDialogFooter, AlertDialogHeader, AlertDialogTitle } from "@/components/ui/alert-dialog";
  15 | import { DropdownMenu, DropdownMenuContent, DropdownMenuItem, DropdownMenuTrigger } from "@/components/ui/dropdown-menu";
  16 | import { Plus, MoreHorizontal, Pencil, Trash2 } from "lucide-react";

The export DialogFooter was not found in module [project]/api-ussage-tracker/src/components/ui/dialog.tsx [app-ssr] (ecmascript).
Did you mean to import Dialog?
All exports of the module are statically known (It doesn't have dynamic exports). So it's known statically that the requested export doesn't exist.

Import traces:
  Client Component Browser:
    ./api-ussage-tracker/src/components/admin/ProjectsTab.tsx [Client Component Browser]
    ./api-ussage-tracker/src/app/admin/page.tsx [Client Component Browser]
    ./api-ussage-tracker/src/app/admin/page.tsx [Server Component]

  Client Component SSR:
    ./api-ussage-tracker/src/components/admin/ProjectsTab.tsx [Client Component SSR]
    ./api-ussage-tracker/src/app/admin/page.tsx [Client Component SSR]
    ./api-ussage-tracker/src/app/admin/page.tsx [Server Component] @ http://localhost:3000/_next/static/chunks/53c9b_next_dist_632736dc._.js:3127
[    1634ms] [ERROR] ./api-ussage-tracker/src/components/admin/UsersTab.tsx:13:1
Export DialogFooter doesn't exist in target module
  11 | import { Label } from "@/components/ui/label";
  12 | import { Select, SelectContent, SelectItem, SelectTrigger, SelectValue } from "@/components/ui/select";
> 13 | import { Dialog, DialogContent, DialogHeader, DialogTitle, DialogFooter } from "@/components/ui/dialog";
     | ^^^^^^^^^^^^^^^^^^^^^^^^^^^^^^^^^^^^^^^^^^^^^^^^^^^^^^^^^^^^^^^^^^^^^^^^^^^^^^^^^^^^^^^^^^^^^^^^^^^^^^^^
  14 | import { AlertDialog, AlertDialogAction, AlertDialogCancel, AlertDialogContent, AlertDialogDescription, AlertDialogFooter, AlertDialogHeader, AlertDialogTitle } from "@/components/ui/alert-dialog";
  15 | import { DropdownMenu, DropdownMenuContent, DropdownMenuItem, DropdownMenuTrigger } from "@/components/ui/dropdown-menu";
  16 | import { Avatar, AvatarFallback } from "@/components/ui/avatar";

The export DialogFooter was not found in module [project]/api-ussage-tracker/src/components/ui/dialog.tsx [app-client] (ecmascript).
Did you mean to import Dialog?
All exports of the module are statically known (It doesn't have dynamic exports). So it's known statically that the requested export doesn't exist.

Import traces:
  Client Component Browser:
    ./api-ussage-tracker/src/components/admin/UsersTab.tsx [Client Component Browser]
    ./api-ussage-tracker/src/app/admin/page.tsx [Client Component Browser]
    ./api-ussage-tracker/src/app/admin/page.tsx [Server Component]

  Client Component SSR:
    ./api-ussage-tracker/src/components/admin/UsersTab.tsx [Client Component SSR]
    ./api-ussage-tracker/src/app/admin/page.tsx [Client Component SSR]
    ./api-ussage-tracker/src/app/admin/page.tsx [Server Component] @ http://localhost:3000/_next/static/chunks/53c9b_next_dist_632736dc._.js:3127
[    1634ms] [ERROR] ./api-ussage-tracker/src/components/admin/UsersTab.tsx:13:1
Export DialogFooter doesn't exist in target module
  11 | import { Label } from "@/components/ui/label";
  12 | import { Select, SelectContent, SelectItem, SelectTrigger, SelectValue } from "@/components/ui/select";
> 13 | import { Dialog, DialogContent, DialogHeader, DialogTitle, DialogFooter } from "@/components/ui/dialog";
     | ^^^^^^^^^^^^^^^^^^^^^^^^^^^^^^^^^^^^^^^^^^^^^^^^^^^^^^^^^^^^^^^^^^^^^^^^^^^^^^^^^^^^^^^^^^^^^^^^^^^^^^^^
  14 | import { AlertDialog, AlertDialogAction, AlertDialogCancel, AlertDialogContent, AlertDialogDescription, AlertDialogFooter, AlertDialogHeader, AlertDialogTitle } from "@/components/ui/alert-dialog";
  15 | import { DropdownMenu, DropdownMenuContent, DropdownMenuItem, DropdownMenuTrigger } from "@/components/ui/dropdown-menu";
  16 | import { Avatar, AvatarFallback } from "@/components/ui/avatar";

The export DialogFooter was not found in module [project]/api-ussage-tracker/src/components/ui/dialog.tsx [app-ssr] (ecmascript).
Did you mean to import Dialog?
All exports of the module are statically known (It doesn't have dynamic exports). So it's known statically that the requested export doesn't exist.

Import traces:
  Client Component Browser:
    ./api-ussage-tracker/src/components/admin/UsersTab.tsx [Client Component Browser]
    ./api-ussage-tracker/src/app/admin/page.tsx [Client Component Browser]
    ./api-ussage-tracker/src/app/admin/page.tsx [Server Component]

  Client Component SSR:
    ./api-ussage-tracker/src/components/admin/UsersTab.tsx [Client Component SSR]
    ./api-ussage-tracker/src/app/admin/page.tsx [Client Component SSR]
    ./api-ussage-tracker/src/app/admin/page.tsx [Server Component] @ http://localhost:3000/_next/static/chunks/53c9b_next_dist_632736dc._.js:3127
[    1642ms] [ERROR] ./api-ussage-tracker/src/components/admin/AdminKeysTab.tsx:13:1
Export DialogFooter doesn't exist in target module
  11 | import { Label } from "@/components/ui/label";
  12 | import { Select, SelectContent, SelectItem, SelectTrigger, SelectValue } from "@/components/ui/select";
> 13 | import { Dialog, DialogContent, DialogHeader, DialogTitle, DialogFooter } from "@/components/ui/dialog";
     | ^^^^^^^^^^^^^^^^^^^^^^^^^^^^^^^^^^^^^^^^^^^^^^^^^^^^^^^^^^^^^^^^^^^^^^^^^^^^^^^^^^^^^^^^^^^^^^^^^^^^^^^^
  14 | import { AlertDialog, AlertDialogAction, AlertDialogCancel, AlertDialogContent, AlertDialogDescription, AlertDialogFooter, AlertDialogHeader, AlertDialogTitle } from "@/components/ui/alert-dialog";
  15 | import { DropdownMenu, DropdownMenuContent, DropdownMenuItem, DropdownMenuTrigger } from "@/components/ui/dropdown-menu";
  16 | import { Plus, MoreHorizontal, Trash2, Search, Loader2 } from "lucide-react";

The export DialogFooter was not found in module [project]/api-ussage-tracker/src/components/ui/dialog.tsx [app-client] (ecmascript).
Did you mean to import Dialog?
All exports of the module are statically known (It doesn't have dynamic exports). So it's known statically that the requested export doesn't exist.

Import traces:
  Client Component Browser:
    ./api-ussage-tracker/src/components/admin/AdminKeysTab.tsx [Client Component Browser]
    ./api-ussage-tracker/src/app/admin/page.tsx [Client Component Browser]
    ./api-ussage-tracker/src/app/admin/page.tsx [Server Component]

  Client Component SSR:
    ./api-ussage-tracker/src/components/admin/AdminKeysTab.tsx [Client Component SSR]
    ./api-ussage-tracker/src/app/admin/page.tsx [Client Component SSR]
    ./api-ussage-tracker/src/app/admin/page.tsx [Server Component] @ http://localhost:3000/_next/static/chunks/53c9b_next_dist_632736dc._.js:3127
[    1643ms] [ERROR] ./api-ussage-tracker/src/components/admin/AdminKeysTab.tsx:13:1
Export DialogFooter doesn't exist in target module
  11 | import { Label } from "@/components/ui/label";
  12 | import { Select, SelectContent, SelectItem, SelectTrigger, SelectValue } from "@/components/ui/select";
> 13 | import { Dialog, DialogContent, DialogHeader, DialogTitle, DialogFooter } from "@/components/ui/dialog";
     | ^^^^^^^^^^^^^^^^^^^^^^^^^^^^^^^^^^^^^^^^^^^^^^^^^^^^^^^^^^^^^^^^^^^^^^^^^^^^^^^^^^^^^^^^^^^^^^^^^^^^^^^^
  14 | import { AlertDialog, AlertDialogAction, AlertDialogCancel, AlertDialogContent, AlertDialogDescription, AlertDialogFooter, AlertDialogHeader, AlertDialogTitle } from "@/components/ui/alert-dialog";
  15 | import { DropdownMenu, DropdownMenuContent, DropdownMenuItem, DropdownMenuTrigger } from "@/components/ui/dropdown-menu";
  16 | import { Plus, MoreHorizontal, Trash2, Search, Loader2 } from "lucide-react";

The export DialogFooter was not found in module [project]/api-ussage-tracker/src/components/ui/dialog.tsx [app-ssr] (ecmascript).
Did you mean to import Dialog?
All exports of the module are statically known (It doesn't have dynamic exports). So it's known statically that the requested export doesn't exist.

Import traces:
  Client Component Browser:
    ./api-ussage-tracker/src/components/admin/AdminKeysTab.tsx [Client Component Browser]
    ./api-ussage-tracker/src/app/admin/page.tsx [Client Component Browser]
    ./api-ussage-tracker/src/app/admin/page.tsx [Server Component]

  Client Component SSR:
    ./api-ussage-tracker/src/components/admin/AdminKeysTab.tsx [Client Component SSR]
    ./api-ussage-tracker/src/app/admin/page.tsx [Client Component SSR]
    ./api-ussage-tracker/src/app/admin/page.tsx [Server Component] @ http://localhost:3000/_next/static/chunks/53c9b_next_dist_632736dc._.js:3127
[    1644ms] [ERROR] ./api-ussage-tracker/src/components/admin/DepartmentsTab.tsx:11:1
Export DialogFooter doesn't exist in target module
   9 | import { Input } from "@/components/ui/input";
  10 | import { Label } from "@/components/ui/label";
> 11 | import { Dialog, DialogContent, DialogHeader, DialogTitle, DialogFooter } from "@/components/ui/dialog";
     | ^^^^^^^^^^^^^^^^^^^^^^^^^^^^^^^^^^^^^^^^^^^^^^^^^^^^^^^^^^^^^^^^^^^^^^^^^^^^^^^^^^^^^^^^^^^^^^^^^^^^^^^^
  12 | import { AlertDialog, AlertDialogAction, AlertDialogCancel, AlertDialogContent, AlertDialogDescription, AlertDialogFooter, AlertDialogHeader, AlertDialogTitle } from "@/components/ui/alert-dialog";
  13 | import { DropdownMenu, DropdownMenuContent, DropdownMenuItem, DropdownMenuTrigger } from "@/components/ui/dropdown-menu";
  14 | import { Plus, MoreHorizontal, Pencil, Trash2 } from "lucide-react";

The export DialogFooter was not found in module [project]/api-ussage-tracker/src/components/ui/dialog.tsx [app-client] (ecmascript).
Did you mean to import Dialog?
All exports of the module are statically known (It doesn't have dynamic exports). So it's known statically that the requested export doesn't exist.

Import traces:
  Client Component Browser:
    ./api-ussage-tracker/src/components/admin/DepartmentsTab.tsx [Client Component Browser]
    ./api-ussage-tracker/src/app/admin/page.tsx [Client Component Browser]
    ./api-ussage-tracker/src/app/admin/page.tsx [Server Component]

  Client Component SSR:
    ./api-ussage-tracker/src/components/admin/DepartmentsTab.tsx [Client Component SSR]
    ./api-ussage-tracker/src/app/admin/page.tsx [Client Component SSR]
    ./api-ussage-tracker/src/app/admin/page.tsx [Server Component] @ http://localhost:3000/_next/static/chunks/53c9b_next_dist_632736dc._.js:3127
[    1644ms] [ERROR] ./api-ussage-tracker/src/components/admin/DepartmentsTab.tsx:11:1
Export DialogFooter doesn't exist in target module
   9 | import { Input } from "@/components/ui/input";
  10 | import { Label } from "@/components/ui/label";
> 11 | import { Dialog, DialogContent, DialogHeader, DialogTitle, DialogFooter } from "@/components/ui/dialog";
     | ^^^^^^^^^^^^^^^^^^^^^^^^^^^^^^^^^^^^^^^^^^^^^^^^^^^^^^^^^^^^^^^^^^^^^^^^^^^^^^^^^^^^^^^^^^^^^^^^^^^^^^^^
  12 | import { AlertDialog, AlertDialogAction, AlertDialogCancel, AlertDialogContent, AlertDialogDescription, AlertDialogFooter, AlertDialogHeader, AlertDialogTitle } from "@/components/ui/alert-dialog";
  13 | import { DropdownMenu, DropdownMenuContent, DropdownMenuItem, DropdownMenuTrigger } from "@/components/ui/dropdown-menu";
  14 | import { Plus, MoreHorizontal, Pencil, Trash2 } from "lucide-react";

The export DialogFooter was not found in module [project]/api-ussage-tracker/src/components/ui/dialog.tsx [app-ssr] (ecmascript).
Did you mean to import Dialog?
All exports of the module are statically known (It doesn't have dynamic exports). So it's known statically that the requested export doesn't exist.

Import traces:
  Client Component Browser:
    ./api-ussage-tracker/src/components/admin/DepartmentsTab.tsx [Client Component Browser]
    ./api-ussage-tracker/src/app/admin/page.tsx [Client Component Browser]
    ./api-ussage-tracker/src/app/admin/page.tsx [Server Component]

  Client Component SSR:
    ./api-ussage-tracker/src/components/admin/DepartmentsTab.tsx [Client Component SSR]
    ./api-ussage-tracker/src/app/admin/page.tsx [Client Component SSR]
    ./api-ussage-tracker/src/app/admin/page.tsx [Server Component] @ http://localhost:3000/_next/static/chunks/53c9b_next_dist_632736dc._.js:3127
[    1659ms] [ERROR] ./api-ussage-tracker/src/components/admin/PlatformKeysTab.tsx:13:1
Export DialogFooter doesn't exist in target module
  11 | import { Label } from "@/components/ui/label";
  12 | import { Select, SelectContent, SelectItem, SelectTrigger, SelectValue } from "@/components/ui/select";
> 13 | import { Dialog, DialogContent, DialogHeader, DialogTitle, DialogFooter } from "@/components/ui/dialog";
     | ^^^^^^^^^^^^^^^^^^^^^^^^^^^^^^^^^^^^^^^^^^^^^^^^^^^^^^^^^^^^^^^^^^^^^^^^^^^^^^^^^^^^^^^^^^^^^^^^^^^^^^^^
  14 | import { AlertDialog, AlertDialogAction, AlertDialogCancel, AlertDialogContent, AlertDialogDescription, AlertDialogFooter, AlertDialogHeader, AlertDialogTitle } from "@/components/ui/alert-dialog";
  15 | import { DropdownMenu, DropdownMenuContent, DropdownMenuItem, DropdownMenuTrigger } from "@/components/ui/dropdown-menu";
  16 | import { Plus, MoreHorizontal, Trash2, RefreshCw, Loader2 } from "lucide-react";

The export DialogFooter was not found in module [project]/api-ussage-tracker/src/components/ui/dialog.tsx [app-client] (ecmascript).
Did you mean to import Dialog?
All exports of the module are statically known (It doesn't have dynamic exports). So it's known statically that the requested export doesn't exist.

Import traces:
  Client Component Browser:
    ./api-ussage-tracker/src/components/admin/PlatformKeysTab.tsx [Client Component Browser]
    ./api-ussage-tracker/src/app/admin/page.tsx [Client Component Browser]
    ./api-ussage-tracker/src/app/admin/page.tsx [Server Component]

  Client Component SSR:
    ./api-ussage-tracker/src/components/admin/PlatformKeysTab.tsx [Client Component SSR]
    ./api-ussage-tracker/src/app/admin/page.tsx [Client Component SSR]
    ./api-ussage-tracker/src/app/admin/page.tsx [Server Component] @ http://localhost:3000/_next/static/chunks/53c9b_next_dist_632736dc._.js:3127
[    1659ms] [ERROR] ./api-ussage-tracker/src/components/admin/PlatformKeysTab.tsx:13:1
Export DialogFooter doesn't exist in target module
  11 | import { Label } from "@/components/ui/label";
  12 | import { Select, SelectContent, SelectItem, SelectTrigger, SelectValue } from "@/components/ui/select";
> 13 | import { Dialog, DialogContent, DialogHeader, DialogTitle, DialogFooter } from "@/components/ui/dialog";
     | ^^^^^^^^^^^^^^^^^^^^^^^^^^^^^^^^^^^^^^^^^^^^^^^^^^^^^^^^^^^^^^^^^^^^^^^^^^^^^^^^^^^^^^^^^^^^^^^^^^^^^^^^
  14 | import { AlertDialog, AlertDialogAction, AlertDialogCancel, AlertDialogContent, AlertDialogDescription, AlertDialogFooter, AlertDialogHeader, AlertDialogTitle } from "@/components/ui/alert-dialog";
  15 | import { DropdownMenu, DropdownMenuContent, DropdownMenuItem, DropdownMenuTrigger } from "@/components/ui/dropdown-menu";
  16 | import { Plus, MoreHorizontal, Trash2, RefreshCw, Loader2 } from "lucide-react";

The export DialogFooter was not found in module [project]/api-ussage-tracker/src/components/ui/dialog.tsx [app-ssr] (ecmascript).
Did you mean to import Dialog?
All exports of the module are statically known (It doesn't have dynamic exports). So it's known statically that the requested export doesn't exist.

Import traces:
  Client Component Browser:
    ./api-ussage-tracker/src/components/admin/PlatformKeysTab.tsx [Client Component Browser]
    ./api-ussage-tracker/src/app/admin/page.tsx [Client Component Browser]
    ./api-ussage-tracker/src/app/admin/page.tsx [Server Component]

  Client Component SSR:
    ./api-ussage-tracker/src/components/admin/PlatformKeysTab.tsx [Client Component SSR]
    ./api-ussage-tracker/src/app/admin/page.tsx [Client Component SSR]
    ./api-ussage-tracker/src/app/admin/page.tsx [Server Component] @ http://localhost:3000/_next/static/chunks/53c9b_next_dist_632736dc._.js:3127
[    1660ms] [ERROR] ./api-ussage-tracker/src/components/admin/ProjectsTab.tsx:13:1
Export DialogFooter doesn't exist in target module
  11 | import { Label } from "@/components/ui/label";
  12 | import { Select, SelectContent, SelectItem, SelectTrigger, SelectValue } from "@/components/ui/select";
> 13 | import { Dialog, DialogContent, DialogHeader, DialogTitle, DialogFooter } from "@/components/ui/dialog";
     | ^^^^^^^^^^^^^^^^^^^^^^^^^^^^^^^^^^^^^^^^^^^^^^^^^^^^^^^^^^^^^^^^^^^^^^^^^^^^^^^^^^^^^^^^^^^^^^^^^^^^^^^^
  14 | import { AlertDialog, AlertDialogAction, AlertDialogCancel, AlertDialogContent, AlertDialogDescription, AlertDialogFooter, AlertDialogHeader, AlertDialogTitle } from "@/components/ui/alert-dialog";
  15 | import { DropdownMenu, DropdownMenuContent, DropdownMenuItem, DropdownMenuTrigger } from "@/components/ui/dropdown-menu";
  16 | import { Plus, MoreHorizontal, Pencil, Trash2 } from "lucide-react";

The export DialogFooter was not found in module [project]/api-ussage-tracker/src/components/ui/dialog.tsx [app-client] (ecmascript).
Did you mean to import Dialog?
All exports of the module are statically known (It doesn't have dynamic exports). So it's known statically that the requested export doesn't exist.

Import traces:
  Client Component Browser:
    ./api-ussage-tracker/src/components/admin/ProjectsTab.tsx [Client Component Browser]
    ./api-ussage-tracker/src/app/admin/page.tsx [Client Component Browser]
    ./api-ussage-tracker/src/app/admin/page.tsx [Server Component]

  Client Component SSR:
    ./api-ussage-tracker/src/components/admin/ProjectsTab.tsx [Client Component SSR]
    ./api-ussage-tracker/src/app/admin/page.tsx [Client Component SSR]
    ./api-ussage-tracker/src/app/admin/page.tsx [Server Component] @ http://localhost:3000/_next/static/chunks/53c9b_next_dist_632736dc._.js:3127
[    1660ms] [ERROR] ./api-ussage-tracker/src/components/admin/ProjectsTab.tsx:13:1
Export DialogFooter doesn't exist in target module
  11 | import { Label } from "@/components/ui/label";
  12 | import { Select, SelectContent, SelectItem, SelectTrigger, SelectValue } from "@/components/ui/select";
> 13 | import { Dialog, DialogContent, DialogHeader, DialogTitle, DialogFooter } from "@/components/ui/dialog";
     | ^^^^^^^^^^^^^^^^^^^^^^^^^^^^^^^^^^^^^^^^^^^^^^^^^^^^^^^^^^^^^^^^^^^^^^^^^^^^^^^^^^^^^^^^^^^^^^^^^^^^^^^^
  14 | import { AlertDialog, AlertDialogAction, AlertDialogCancel, AlertDialogContent, AlertDialogDescription, AlertDialogFooter, AlertDialogHeader, AlertDialogTitle } from "@/components/ui/alert-dialog";
  15 | import { DropdownMenu, DropdownMenuContent, DropdownMenuItem, DropdownMenuTrigger } from "@/components/ui/dropdown-menu";
  16 | import { Plus, MoreHorizontal, Pencil, Trash2 } from "lucide-react";

The export DialogFooter was not found in module [project]/api-ussage-tracker/src/components/ui/dialog.tsx [app-ssr] (ecmascript).
Did you mean to import Dialog?
All exports of the module are statically known (It doesn't have dynamic exports). So it's known statically that the requested export doesn't exist.

Import traces:
  Client Component Browser:
    ./api-ussage-tracker/src/components/admin/ProjectsTab.tsx [Client Component Browser]
    ./api-ussage-tracker/src/app/admin/page.tsx [Client Component Browser]
    ./api-ussage-tracker/src/app/admin/page.tsx [Server Component]

  Client Component SSR:
    ./api-ussage-tracker/src/components/admin/ProjectsTab.tsx [Client Component SSR]
    ./api-ussage-tracker/src/app/admin/page.tsx [Client Component SSR]
    ./api-ussage-tracker/src/app/admin/page.tsx [Server Component] @ http://localhost:3000/_next/static/chunks/53c9b_next_dist_632736dc._.js:3127
[    1661ms] [ERROR] ./api-ussage-tracker/src/components/admin/UsersTab.tsx:13:1
Export DialogFooter doesn't exist in target module
  11 | import { Label } from "@/components/ui/label";
  12 | import { Select, SelectContent, SelectItem, SelectTrigger, SelectValue } from "@/components/ui/select";
> 13 | import { Dialog, DialogContent, DialogHeader, DialogTitle, DialogFooter } from "@/components/ui/dialog";
     | ^^^^^^^^^^^^^^^^^^^^^^^^^^^^^^^^^^^^^^^^^^^^^^^^^^^^^^^^^^^^^^^^^^^^^^^^^^^^^^^^^^^^^^^^^^^^^^^^^^^^^^^^
  14 | import { AlertDialog, AlertDialogAction, AlertDialogCancel, AlertDialogContent, AlertDialogDescription, AlertDialogFooter, AlertDialogHeader, AlertDialogTitle } from "@/components/ui/alert-dialog";
  15 | import { DropdownMenu, DropdownMenuContent, DropdownMenuItem, DropdownMenuTrigger } from "@/components/ui/dropdown-menu";
  16 | import { Avatar, AvatarFallback } from "@/components/ui/avatar";

The export DialogFooter was not found in module [project]/api-ussage-tracker/src/components/ui/dialog.tsx [app-client] (ecmascript).
Did you mean to import Dialog?
All exports of the module are statically known (It doesn't have dynamic exports). So it's known statically that the requested export doesn't exist.

Import traces:
  Client Component Browser:
    ./api-ussage-tracker/src/components/admin/UsersTab.tsx [Client Component Browser]
    ./api-ussage-tracker/src/app/admin/page.tsx [Client Component Browser]
    ./api-ussage-tracker/src/app/admin/page.tsx [Server Component]

  Client Component SSR:
    ./api-ussage-tracker/src/components/admin/UsersTab.tsx [Client Component SSR]
    ./api-ussage-tracker/src/app/admin/page.tsx [Client Component SSR]
    ./api-ussage-tracker/src/app/admin/page.tsx [Server Component] @ http://localhost:3000/_next/static/chunks/53c9b_next_dist_632736dc._.js:3127
[    1661ms] [ERROR] ./api-ussage-tracker/src/components/admin/UsersTab.tsx:13:1
Export DialogFooter doesn't exist in target module
  11 | import { Label } from "@/components/ui/label";
  12 | import { Select, SelectContent, SelectItem, SelectTrigger, SelectValue } from "@/components/ui/select";
> 13 | import { Dialog, DialogContent, DialogHeader, DialogTitle, DialogFooter } from "@/components/ui/dialog";
     | ^^^^^^^^^^^^^^^^^^^^^^^^^^^^^^^^^^^^^^^^^^^^^^^^^^^^^^^^^^^^^^^^^^^^^^^^^^^^^^^^^^^^^^^^^^^^^^^^^^^^^^^^
  14 | import { AlertDialog, AlertDialogAction, AlertDialogCancel, AlertDialogContent, AlertDialogDescription, AlertDialogFooter, AlertDialogHeader, AlertDialogTitle } from "@/components/ui/alert-dialog";
  15 | import { DropdownMenu, DropdownMenuContent, DropdownMenuItem, DropdownMenuTrigger } from "@/components/ui/dropdown-menu";
  16 | import { Avatar, AvatarFallback } from "@/components/ui/avatar";

The export DialogFooter was not found in module [project]/api-ussage-tracker/src/components/ui/dialog.tsx [app-ssr] (ecmascript).
Did you mean to import Dialog?
All exports of the module are statically known (It doesn't have dynamic exports). So it's known statically that the requested export doesn't exist.

Import traces:
  Client Component Browser:
    ./api-ussage-tracker/src/components/admin/UsersTab.tsx [Client Component Browser]
    ./api-ussage-tracker/src/app/admin/page.tsx [Client Component Browser]
    ./api-ussage-tracker/src/app/admin/page.tsx [Server Component]

  Client Component SSR:
    ./api-ussage-tracker/src/components/admin/UsersTab.tsx [Client Component SSR]
    ./api-ussage-tracker/src/app/admin/page.tsx [Client Component SSR]
    ./api-ussage-tracker/src/app/admin/page.tsx [Server Component] @ http://localhost:3000/_next/static/chunks/53c9b_next_dist_632736dc._.js:3127
